 command line:
   ./quick_test_vhdl_isim_beh.exe
     -intstyle  ise
     -ipchost  localhost
     -ipcport  58025

Tue Jan 05 00:27:02 2021

Total Line Count : 175

 Elaboration time : 0.015625 sec.

 Estimate current memory usage : 158.159 Meg. 

 Total Signals          : 58
 Total Nets             : 153
 Total Signal Drivers   : 20
 Total Blocks           : 10
 Total Primitive Blocks : 4
 Total Processes        : 5
 Total Traceable Variables  : 0
 Total Scalar Nets and Variables : 153
ntrace select -o on -n /quick_test_vhdl/in1 
ntrace select -o on -n /quick_test_vhdl/in2 
ntrace select -o on -n /quick_test_vhdl/in3 
ntrace select -o on -n /quick_test_vhdl/in4 
ntrace select -o on -n /quick_test_vhdl/in5 
ntrace select -o on -n /quick_test_vhdl/out1 
ntrace select -o on -n /quick_test_vhdl/out2 
ntrace select -o on -n /quick_test_vhdl/out3 
ntrace select -o on -n /quick_test_vhdl/out4 
ntrace select -o on -n /quick_test_vhdl/out5 
ntrace start 
isimrun 1000 ns 
Simulator is doing circuit initialization process.
WARNING:Simulator:29 - at 0 ns: Warning: There is an 'U'|'X'|'W'|'Z'|'-' in an
   arithmetic operand, the result will be 'X'(es).
Finished circuit initialization process.

 Simulation time 0.078125 sec.

 Estimate current memory usage : 170.877 Meg. 

Tue Jan 05 00:27:16 2021

